<?xml version="1.0" encoding="UTF-8"?>
<!-- Generated by org.testng.reporters.JUnitReportReporter -->
<testsuite hostname="tejal-home" failures="0" tests="1" name="com.tests.CRUDTekarchApiTest.GetUserDataApiTest" time="16.095" errors="0" timestamp="2022-02-25T21:42:44 EST" skipped="0">
  <testcase classname="com.tests.CRUDTekarchApiTest.GetUserDataApiTest" name="getUserData_TekarchApi" time="16.095"/>
  <system-out/>
</testsuite> <!-- com.tests.CRUDTekarchApiTest.GetUserDataApiTest -->
